2023-10-12 17:37:05.101 | INFO     | uvicorn.protocols.http.h11_impl:send:478 - 127.0.0.1:60604 - "GET /api/todo/getTodos HTTP/1.1" 200
2023-10-12 17:37:11.765 | INFO     | uvicorn.server:shutdown:264 - Shutting down
2023-10-12 17:37:11.873 | INFO     | uvicorn.lifespan.on:shutdown:65 - Waiting for application shutdown.
2023-10-12 17:37:11.874 | INFO     | uvicorn.lifespan.on:shutdown:76 - Application shutdown complete.
2023-10-12 17:37:11.875 | INFO     | uvicorn.server:serve:86 - Finished server process [20084]
2023-10-12 17:37:13.229 | INFO     | uvicorn.server:serve:76 - Started server process [21364]
2023-10-12 17:37:13.230 | INFO     | uvicorn.lifespan.on:startup:46 - Waiting for application startup.
2023-10-12 17:37:13.231 | INFO     | uvicorn.lifespan.on:startup:60 - Application startup complete.
2023-10-12 17:41:54.704 | INFO     | uvicorn.protocols.http.h11_impl:send:478 - 127.0.0.1:60651 - "GET /api/todo/getTodos HTTP/1.1" 200
2023-10-12 17:42:01.248 | INFO     | uvicorn.protocols.http.h11_impl:send:478 - 127.0.0.1:60652 - "GET /api/todo/getTodos HTTP/1.1" 200
2023-10-12 17:42:16.833 | INFO     | uvicorn.server:shutdown:264 - Shutting down
2023-10-12 17:42:16.943 | INFO     | uvicorn.lifespan.on:shutdown:65 - Waiting for application shutdown.
2023-10-12 17:42:16.944 | INFO     | uvicorn.lifespan.on:shutdown:76 - Application shutdown complete.
2023-10-12 17:42:16.945 | INFO     | uvicorn.server:serve:86 - Finished server process [21364]
2023-10-12 17:42:18.271 | INFO     | uvicorn.server:serve:76 - Started server process [15288]
2023-10-12 17:42:18.271 | INFO     | uvicorn.lifespan.on:startup:46 - Waiting for application startup.
2023-10-12 17:42:18.272 | INFO     | uvicorn.lifespan.on:startup:60 - Application startup complete.
2023-10-12 17:42:19.737 | INFO     | uvicorn.protocols.http.h11_impl:send:478 - 127.0.0.1:60676 - "GET /api/todo/getTodos HTTP/1.1" 404
2023-10-12 17:42:35.222 | INFO     | uvicorn.server:shutdown:264 - Shutting down
2023-10-12 17:42:35.332 | INFO     | uvicorn.lifespan.on:shutdown:65 - Waiting for application shutdown.
2023-10-12 17:42:35.332 | INFO     | uvicorn.lifespan.on:shutdown:76 - Application shutdown complete.
2023-10-12 17:42:35.333 | INFO     | uvicorn.server:serve:86 - Finished server process [15288]
2023-10-12 17:42:36.735 | INFO     | uvicorn.server:serve:76 - Started server process [23040]
2023-10-12 17:42:36.736 | INFO     | uvicorn.lifespan.on:startup:46 - Waiting for application startup.
2023-10-12 17:42:36.737 | INFO     | uvicorn.lifespan.on:startup:60 - Application startup complete.
2023-10-12 17:42:38.336 | INFO     | uvicorn.protocols.http.h11_impl:send:478 - 127.0.0.1:60690 - "GET /api/todo/getTodos HTTP/1.1" 500
2023-10-12 17:42:38.338 | ERROR    | uvicorn.protocols.http.h11_impl:run_asgi:413 - Exception in ASGI application

Traceback (most recent call last):

  File "<string>", line 1, in <module>

  File "C:\Users\mihir\AppData\Local\Programs\Python\Python310\lib\multiprocessing\spawn.py", line 116, in spawn_main
    exitcode = _main(fd, parent_sentinel)
               │     │   └ 340
               │     └ 3
               └ <function _main at 0x000001C65416D000>

  File "C:\Users\mihir\AppData\Local\Programs\Python\Python310\lib\multiprocessing\spawn.py", line 129, in _main
    return self._bootstrap(parent_sentinel)
           │    │          └ 340
           │    └ <function BaseProcess._bootstrap at 0x000001C65408B0A0>
           └ <SpawnProcess name='SpawnProcess-200' parent=11080 started>

  File "C:\Users\mihir\AppData\Local\Programs\Python\Python310\lib\multiprocessing\process.py", line 314, in _bootstrap
    self.run()
    │    └ <function BaseProcess.run at 0x000001C65408A710>
    └ <SpawnProcess name='SpawnProcess-200' parent=11080 started>

  File "C:\Users\mihir\AppData\Local\Programs\Python\Python310\lib\multiprocessing\process.py", line 108, in run
    self._target(*self._args, **self._kwargs)
    │    │        │    │        │    └ {'config': <uvicorn.config.Config object at 0x000001C653C6AF80>, 'target': <bound method Server.run of <uvicorn.server.Server...
    │    │        │    │        └ <SpawnProcess name='SpawnProcess-200' parent=11080 started>
    │    │        │    └ ()
    │    │        └ <SpawnProcess name='SpawnProcess-200' parent=11080 started>
    │    └ <function subprocess_started at 0x000001C65648D1B0>
    └ <SpawnProcess name='SpawnProcess-200' parent=11080 started>

  File "C:\Work_Hitesh_Zala\Python_FastAPI\latest_new_\projectENV\lib\site-packages\uvicorn\_subprocess.py", line 76, in subprocess_started
    target(sockets=sockets)
    │              └ [<socket.socket fd=416, family=AddressFamily.AF_INET, type=SocketKind.SOCK_STREAM, proto=6, laddr=('127.0.0.1', 8000)>]
    └ <bound method Server.run of <uvicorn.server.Server object at 0x000001C653C6AFB0>>

  File "C:\Work_Hitesh_Zala\Python_FastAPI\latest_new_\projectENV\lib\site-packages\uvicorn\server.py", line 61, in run
    return asyncio.run(self.serve(sockets=sockets))
           │       │   │    │             └ [<socket.socket fd=416, family=AddressFamily.AF_INET, type=SocketKind.SOCK_STREAM, proto=6, laddr=('127.0.0.1', 8000)>]
           │       │   │    └ <function Server.serve at 0x000001C656471D80>
           │       │   └ <uvicorn.server.Server object at 0x000001C653C6AFB0>
           │       └ <function run at 0x000001C655D2B640>
           └ <module 'asyncio' from 'C:\\Users\\mihir\\AppData\\Local\\Programs\\Python\\Python310\\lib\\asyncio\\__init__.py'>

  File "C:\Users\mihir\AppData\Local\Programs\Python\Python310\lib\asyncio\runners.py", line 44, in run
    return loop.run_until_complete(main)
           │    │                  └ <coroutine object Server.serve at 0x000001C65643AC70>
           │    └ <function BaseEventLoop.run_until_complete at 0x000001C655D3D090>
           └ <_WindowsSelectorEventLoop running=True closed=False debug=False>

  File "C:\Users\mihir\AppData\Local\Programs\Python\Python310\lib\asyncio\base_events.py", line 636, in run_until_complete
    self.run_forever()
    │    └ <function BaseEventLoop.run_forever at 0x000001C655D3D000>
    └ <_WindowsSelectorEventLoop running=True closed=False debug=False>

  File "C:\Users\mihir\AppData\Local\Programs\Python\Python310\lib\asyncio\base_events.py", line 603, in run_forever
    self._run_once()
    │    └ <function BaseEventLoop._run_once at 0x000001C655D3EB00>
    └ <_WindowsSelectorEventLoop running=True closed=False debug=False>

  File "C:\Users\mihir\AppData\Local\Programs\Python\Python310\lib\asyncio\base_events.py", line 1909, in _run_once
    handle._run()
    │      └ <function Handle._run at 0x000001C655C9A050>
    └ <Handle Task.task_wakeup(<Future finished result=False>)>

  File "C:\Users\mihir\AppData\Local\Programs\Python\Python310\lib\asyncio\events.py", line 80, in _run
    self._context.run(self._callback, *self._args)
    │    │            │    │           │    └ <member '_args' of 'Handle' objects>
    │    │            │    │           └ <Handle Task.task_wakeup(<Future finished result=False>)>
    │    │            │    └ <member '_callback' of 'Handle' objects>
    │    │            └ <Handle Task.task_wakeup(<Future finished result=False>)>
    │    └ <member '_context' of 'Handle' objects>
    └ <Handle Task.task_wakeup(<Future finished result=False>)>

> File "C:\Work_Hitesh_Zala\Python_FastAPI\latest_new_\projectENV\lib\site-packages\uvicorn\protocols\http\h11_impl.py", line 408, in run_asgi
    result = await app(  # type: ignore[func-returns-value]
                   └ <uvicorn.middleware.proxy_headers.ProxyHeadersMiddleware object at 0x000001C6592B91B0>

  File "C:\Work_Hitesh_Zala\Python_FastAPI\latest_new_\projectENV\lib\site-packages\uvicorn\middleware\proxy_headers.py", line 84, in __call__
    return await self.app(scope, receive, send)
                 │    │   │      │        └ <bound method RequestResponseCycle.send of <uvicorn.protocols.http.h11_impl.RequestResponseCycle object at 0x000001C6595354E0>>
                 │    │   │      └ <bound method RequestResponseCycle.receive of <uvicorn.protocols.http.h11_impl.RequestResponseCycle object at 0x000001C659535...
                 │    │   └ {'type': 'http', 'asgi': {'version': '3.0', 'spec_version': '2.3'}, 'http_version': '1.1', 'server': ('127.0.0.1', 8000), 'cl...
                 │    └ <fastapi.applications.FastAPI object at 0x000001C6592E6980>
                 └ <uvicorn.middleware.proxy_headers.ProxyHeadersMiddleware object at 0x000001C6592B91B0>

  File "C:\Work_Hitesh_Zala\Python_FastAPI\latest_new_\projectENV\lib\site-packages\fastapi\applications.py", line 292, in __call__
    await super().__call__(scope, receive, send)
                           │      │        └ <bound method RequestResponseCycle.send of <uvicorn.protocols.http.h11_impl.RequestResponseCycle object at 0x000001C6595354E0>>
                           │      └ <bound method RequestResponseCycle.receive of <uvicorn.protocols.http.h11_impl.RequestResponseCycle object at 0x000001C659535...
                           └ {'type': 'http', 'asgi': {'version': '3.0', 'spec_version': '2.3'}, 'http_version': '1.1', 'server': ('127.0.0.1', 8000), 'cl...

  File "C:\Work_Hitesh_Zala\Python_FastAPI\latest_new_\projectENV\lib\site-packages\starlette\applications.py", line 122, in __call__
    await self.middleware_stack(scope, receive, send)
          │    │                │      │        └ <bound method RequestResponseCycle.send of <uvicorn.protocols.http.h11_impl.RequestResponseCycle object at 0x000001C6595354E0>>
          │    │                │      └ <bound method RequestResponseCycle.receive of <uvicorn.protocols.http.h11_impl.RequestResponseCycle object at 0x000001C659535...
          │    │                └ {'type': 'http', 'asgi': {'version': '3.0', 'spec_version': '2.3'}, 'http_version': '1.1', 'server': ('127.0.0.1', 8000), 'cl...
          │    └ <starlette.middleware.errors.ServerErrorMiddleware object at 0x000001C6595361D0>
          └ <fastapi.applications.FastAPI object at 0x000001C6592E6980>

  File "C:\Work_Hitesh_Zala\Python_FastAPI\latest_new_\projectENV\lib\site-packages\starlette\middleware\errors.py", line 184, in __call__
    raise exc

  File "C:\Work_Hitesh_Zala\Python_FastAPI\latest_new_\projectENV\lib\site-packages\starlette\middleware\errors.py", line 162, in __call__
    await self.app(scope, receive, _send)
          │    │   │      │        └ <function ServerErrorMiddleware.__call__.<locals>._send at 0x000001C659517EB0>
          │    │   │      └ <bound method RequestResponseCycle.receive of <uvicorn.protocols.http.h11_impl.RequestResponseCycle object at 0x000001C659535...
          │    │   └ {'type': 'http', 'asgi': {'version': '3.0', 'spec_version': '2.3'}, 'http_version': '1.1', 'server': ('127.0.0.1', 8000), 'cl...
          │    └ <starlette.middleware.exceptions.ExceptionMiddleware object at 0x000001C659536080>
          └ <starlette.middleware.errors.ServerErrorMiddleware object at 0x000001C6595361D0>

  File "C:\Work_Hitesh_Zala\Python_FastAPI\latest_new_\projectENV\lib\site-packages\starlette\middleware\exceptions.py", line 79, in __call__
    raise exc

  File "C:\Work_Hitesh_Zala\Python_FastAPI\latest_new_\projectENV\lib\site-packages\starlette\middleware\exceptions.py", line 68, in __call__
    await self.app(scope, receive, sender)
          │    │   │      │        └ <function ExceptionMiddleware.__call__.<locals>.sender at 0x000001C659517E20>
          │    │   │      └ <bound method RequestResponseCycle.receive of <uvicorn.protocols.http.h11_impl.RequestResponseCycle object at 0x000001C659535...
          │    │   └ {'type': 'http', 'asgi': {'version': '3.0', 'spec_version': '2.3'}, 'http_version': '1.1', 'server': ('127.0.0.1', 8000), 'cl...
          │    └ <fastapi.middleware.asyncexitstack.AsyncExitStackMiddleware object at 0x000001C659536020>
          └ <starlette.middleware.exceptions.ExceptionMiddleware object at 0x000001C659536080>

  File "C:\Work_Hitesh_Zala\Python_FastAPI\latest_new_\projectENV\lib\site-packages\fastapi\middleware\asyncexitstack.py", line 20, in __call__
    raise e

  File "C:\Work_Hitesh_Zala\Python_FastAPI\latest_new_\projectENV\lib\site-packages\fastapi\middleware\asyncexitstack.py", line 17, in __call__
    await self.app(scope, receive, send)
          │    │   │      │        └ <function ExceptionMiddleware.__call__.<locals>.sender at 0x000001C659517E20>
          │    │   │      └ <bound method RequestResponseCycle.receive of <uvicorn.protocols.http.h11_impl.RequestResponseCycle object at 0x000001C659535...
          │    │   └ {'type': 'http', 'asgi': {'version': '3.0', 'spec_version': '2.3'}, 'http_version': '1.1', 'server': ('127.0.0.1', 8000), 'cl...
          │    └ <fastapi.routing.APIRouter object at 0x000001C659492770>
          └ <fastapi.middleware.asyncexitstack.AsyncExitStackMiddleware object at 0x000001C659536020>

  File "C:\Work_Hitesh_Zala\Python_FastAPI\latest_new_\projectENV\lib\site-packages\starlette\routing.py", line 718, in __call__
    await route.handle(scope, receive, send)
          │     │      │      │        └ <function ExceptionMiddleware.__call__.<locals>.sender at 0x000001C659517E20>
          │     │      │      └ <bound method RequestResponseCycle.receive of <uvicorn.protocols.http.h11_impl.RequestResponseCycle object at 0x000001C659535...
          │     │      └ {'type': 'http', 'asgi': {'version': '3.0', 'spec_version': '2.3'}, 'http_version': '1.1', 'server': ('127.0.0.1', 8000), 'cl...
          │     └ <function Route.handle at 0x000001C65859CCA0>
          └ APIRoute(path='/api/todo/getTodos', name='read_items', methods=['GET'])

  File "C:\Work_Hitesh_Zala\Python_FastAPI\latest_new_\projectENV\lib\site-packages\starlette\routing.py", line 276, in handle
    await self.app(scope, receive, send)
          │    │   │      │        └ <function ExceptionMiddleware.__call__.<locals>.sender at 0x000001C659517E20>
          │    │   │      └ <bound method RequestResponseCycle.receive of <uvicorn.protocols.http.h11_impl.RequestResponseCycle object at 0x000001C659535...
          │    │   └ {'type': 'http', 'asgi': {'version': '3.0', 'spec_version': '2.3'}, 'http_version': '1.1', 'server': ('127.0.0.1', 8000), 'cl...
          │    └ <function request_response.<locals>.app at 0x000001C6568C7880>
          └ APIRoute(path='/api/todo/getTodos', name='read_items', methods=['GET'])

  File "C:\Work_Hitesh_Zala\Python_FastAPI\latest_new_\projectENV\lib\site-packages\starlette\routing.py", line 66, in app
    response = await func(request)
                     │    └ <starlette.requests.Request object at 0x000001C659537400>
                     └ <function get_request_handler.<locals>.app at 0x000001C6594FF910>

  File "C:\Work_Hitesh_Zala\Python_FastAPI\latest_new_\projectENV\lib\site-packages\fastapi\routing.py", line 273, in app
    raw_response = await run_endpoint_function(
                         └ <function run_endpoint_function at 0x000001C6584C3760>

  File "C:\Work_Hitesh_Zala\Python_FastAPI\latest_new_\projectENV\lib\site-packages\fastapi\routing.py", line 192, in run_endpoint_function
    return await run_in_threadpool(dependant.call, **values)
                 │                 │         │       └ {'db': <sqlalchemy.orm.session.Session object at 0x000001C6595346D0>}
                 │                 │         └ <function read_items at 0x000001C6592E3A30>
                 │                 └ <fastapi.dependencies.models.Dependant object at 0x000001C6595367D0>
                 └ <function run_in_threadpool at 0x000001C6572D0F70>

  File "C:\Work_Hitesh_Zala\Python_FastAPI\latest_new_\projectENV\lib\site-packages\starlette\concurrency.py", line 41, in run_in_threadpool
    return await anyio.to_thread.run_sync(func, *args)
                 │     │         │        │      └ ()
                 │     │         │        └ functools.partial(<function read_items at 0x000001C6592E3A30>, db=<sqlalchemy.orm.session.Session object at 0x000001C6595346D0>)
                 │     │         └ <function run_sync at 0x000001C6572D3AC0>
                 │     └ <module 'anyio.to_thread' from 'C:\\Work_Hitesh_Zala\\Python_FastAPI\\latest_new_\\projectENV\\lib\\site-packages\\anyio\\to_...
                 └ <module 'anyio' from 'C:\\Work_Hitesh_Zala\\Python_FastAPI\\latest_new_\\projectENV\\lib\\site-packages\\anyio\\__init__.py'>

  File "C:\Work_Hitesh_Zala\Python_FastAPI\latest_new_\projectENV\lib\site-packages\anyio\to_thread.py", line 33, in run_sync
    return await get_asynclib().run_sync_in_worker_thread(
                 └ <function get_asynclib at 0x000001C6572D3490>

  File "C:\Work_Hitesh_Zala\Python_FastAPI\latest_new_\projectENV\lib\site-packages\anyio\_backends\_asyncio.py", line 877, in run_sync_in_worker_thread
    return await future
                 └ <Future finished exception=ZeroDivisionError('division by zero')>

  File "C:\Work_Hitesh_Zala\Python_FastAPI\latest_new_\projectENV\lib\site-packages\anyio\_backends\_asyncio.py", line 807, in run
    result = context.run(func, *args)
             │       │   │      └ (<class 'ZeroDivisionError'>, ZeroDivisionError('division by zero'), None)
             │       │   └ <bound method _GeneratorContextManager.__exit__ of <contextlib._GeneratorContextManager object at 0x000001C659537A60>>
             │       └ <method 'run' of '_contextvars.Context' objects>
             └ <_contextvars.Context object at 0x000001C658537040>

  File "C:\Work_Hitesh_Zala\Python_FastAPI\latest_new_\src\routers\TodoApi.py", line 19, in read_items
    print(1/0)

ZeroDivisionError: division by zero
2023-10-12 17:55:24.788 | INFO     | uvicorn.server:shutdown:264 - Shutting down
2023-10-12 17:55:24.897 | INFO     | uvicorn.lifespan.on:shutdown:65 - Waiting for application shutdown.
2023-10-12 17:55:24.898 | INFO     | uvicorn.lifespan.on:shutdown:76 - Application shutdown complete.
2023-10-12 17:55:24.899 | INFO     | uvicorn.server:serve:86 - Finished server process [23040]
2023-10-12 17:55:26.294 | INFO     | uvicorn.server:serve:76 - Started server process [23168]
2023-10-12 17:55:26.295 | INFO     | uvicorn.lifespan.on:startup:46 - Waiting for application startup.
2023-10-12 17:55:26.296 | INFO     | uvicorn.lifespan.on:startup:60 - Application startup complete.
2023-10-12 18:19:26.367 | INFO     | uvicorn.server:shutdown:264 - Shutting down
2023-10-12 18:19:26.477 | INFO     | uvicorn.lifespan.on:shutdown:65 - Waiting for application shutdown.
2023-10-12 18:19:26.478 | INFO     | uvicorn.lifespan.on:shutdown:76 - Application shutdown complete.
2023-10-12 18:19:26.479 | INFO     | uvicorn.server:serve:86 - Finished server process [23168]
2023-10-12 18:19:27.794 | INFO     | uvicorn.server:serve:76 - Started server process [1596]
2023-10-12 18:19:27.795 | INFO     | uvicorn.lifespan.on:startup:46 - Waiting for application startup.
2023-10-12 18:19:27.797 | INFO     | uvicorn.lifespan.on:startup:60 - Application startup complete.
2023-10-12 18:22:11.338 | INFO     | uvicorn.server:shutdown:264 - Shutting down
2023-10-12 18:22:11.447 | INFO     | uvicorn.lifespan.on:shutdown:65 - Waiting for application shutdown.
2023-10-12 18:22:11.447 | INFO     | uvicorn.lifespan.on:shutdown:76 - Application shutdown complete.
2023-10-12 18:22:11.448 | INFO     | uvicorn.server:serve:86 - Finished server process [1596]
2023-10-12 18:22:12.938 | INFO     | uvicorn.server:serve:76 - Started server process [19664]
2023-10-12 18:22:12.939 | INFO     | uvicorn.lifespan.on:startup:46 - Waiting for application startup.
2023-10-12 18:22:12.940 | INFO     | uvicorn.lifespan.on:startup:60 - Application startup complete.
2023-10-12 18:22:23.279 | INFO     | uvicorn.server:shutdown:264 - Shutting down
2023-10-12 18:22:23.388 | INFO     | uvicorn.lifespan.on:shutdown:65 - Waiting for application shutdown.
2023-10-12 18:22:23.389 | INFO     | uvicorn.lifespan.on:shutdown:76 - Application shutdown complete.
2023-10-12 18:22:23.390 | INFO     | uvicorn.server:serve:86 - Finished server process [19664]
2023-10-12 18:22:24.655 | INFO     | uvicorn.server:serve:76 - Started server process [11820]
2023-10-12 18:22:24.656 | INFO     | uvicorn.lifespan.on:startup:46 - Waiting for application startup.
2023-10-12 18:22:24.658 | INFO     | uvicorn.lifespan.on:startup:60 - Application startup complete.
2023-10-12 18:22:50.690 | INFO     | uvicorn.server:shutdown:264 - Shutting down
2023-10-12 18:22:50.801 | INFO     | uvicorn.lifespan.on:shutdown:65 - Waiting for application shutdown.
2023-10-12 18:22:50.802 | INFO     | uvicorn.lifespan.on:shutdown:76 - Application shutdown complete.
2023-10-12 18:22:50.803 | INFO     | uvicorn.server:serve:86 - Finished server process [11820]
2023-10-12 18:22:52.170 | INFO     | uvicorn.server:serve:76 - Started server process [23100]
2023-10-12 18:22:52.171 | INFO     | uvicorn.lifespan.on:startup:46 - Waiting for application startup.
2023-10-12 18:22:52.171 | INFO     | uvicorn.lifespan.on:startup:60 - Application startup complete.
2023-10-12 18:24:20.236 | INFO     | uvicorn.server:shutdown:264 - Shutting down
2023-10-12 18:24:20.344 | INFO     | uvicorn.lifespan.on:shutdown:65 - Waiting for application shutdown.
2023-10-12 18:24:20.345 | INFO     | uvicorn.lifespan.on:shutdown:76 - Application shutdown complete.
2023-10-12 18:24:20.345 | INFO     | uvicorn.server:serve:86 - Finished server process [23100]
2023-10-12 18:24:21.639 | INFO     | uvicorn.server:serve:76 - Started server process [12688]
2023-10-12 18:24:21.640 | INFO     | uvicorn.lifespan.on:startup:46 - Waiting for application startup.
2023-10-12 18:24:21.641 | INFO     | uvicorn.lifespan.on:startup:60 - Application startup complete.
2023-10-12 18:25:11.789 | INFO     | uvicorn.server:shutdown:264 - Shutting down
2023-10-12 18:25:11.896 | INFO     | uvicorn.lifespan.on:shutdown:65 - Waiting for application shutdown.
2023-10-12 18:25:11.896 | INFO     | uvicorn.lifespan.on:shutdown:76 - Application shutdown complete.
2023-10-12 18:25:11.898 | INFO     | uvicorn.server:serve:86 - Finished server process [12688]
2023-10-12 18:25:13.204 | INFO     | uvicorn.server:serve:76 - Started server process [13832]
2023-10-12 18:25:13.205 | INFO     | uvicorn.lifespan.on:startup:46 - Waiting for application startup.
2023-10-12 18:25:13.206 | INFO     | uvicorn.lifespan.on:startup:60 - Application startup complete.
2023-10-12 18:25:30.699 | INFO     | uvicorn.server:shutdown:264 - Shutting down
2023-10-12 18:25:30.809 | INFO     | uvicorn.lifespan.on:shutdown:65 - Waiting for application shutdown.
2023-10-12 18:25:30.810 | INFO     | uvicorn.lifespan.on:shutdown:76 - Application shutdown complete.
2023-10-12 18:25:30.810 | INFO     | uvicorn.server:serve:86 - Finished server process [13832]
2023-10-12 18:25:32.278 | INFO     | uvicorn.server:serve:76 - Started server process [10188]
2023-10-12 18:25:32.279 | INFO     | uvicorn.lifespan.on:startup:46 - Waiting for application startup.
2023-10-12 18:25:32.279 | INFO     | uvicorn.lifespan.on:startup:60 - Application startup complete.
2023-10-12 18:25:57.375 | INFO     | uvicorn.server:shutdown:264 - Shutting down
2023-10-12 18:25:57.485 | INFO     | uvicorn.lifespan.on:shutdown:65 - Waiting for application shutdown.
2023-10-12 18:25:57.486 | INFO     | uvicorn.lifespan.on:shutdown:76 - Application shutdown complete.
2023-10-12 18:25:57.486 | INFO     | uvicorn.server:serve:86 - Finished server process [10188]
2023-10-12 18:30:37.361 | INFO     | uvicorn.server:serve:76 - Started server process [9488]
2023-10-12 18:30:37.362 | INFO     | uvicorn.lifespan.on:startup:46 - Waiting for application startup.
2023-10-12 18:30:37.363 | INFO     | uvicorn.lifespan.on:startup:60 - Application startup complete.
2023-10-12 18:31:02.286 | INFO     | uvicorn.server:shutdown:264 - Shutting down
2023-10-12 18:31:02.396 | INFO     | uvicorn.lifespan.on:shutdown:65 - Waiting for application shutdown.
2023-10-12 18:31:02.397 | INFO     | uvicorn.lifespan.on:shutdown:76 - Application shutdown complete.
2023-10-12 18:31:02.398 | INFO     | uvicorn.server:serve:86 - Finished server process [9488]
2023-10-12 18:31:11.924 | INFO     | uvicorn.server:serve:76 - Started server process [19012]
2023-10-12 18:31:11.925 | INFO     | uvicorn.lifespan.on:startup:46 - Waiting for application startup.
2023-10-12 18:31:11.927 | INFO     | uvicorn.lifespan.on:startup:60 - Application startup complete.
2023-10-12 18:35:00.207 | INFO     | uvicorn.server:shutdown:264 - Shutting down
2023-10-12 18:35:00.315 | INFO     | uvicorn.lifespan.on:shutdown:65 - Waiting for application shutdown.
2023-10-12 18:35:00.317 | INFO     | uvicorn.lifespan.on:shutdown:76 - Application shutdown complete.
2023-10-12 18:35:00.317 | INFO     | uvicorn.server:serve:86 - Finished server process [19012]
2023-10-12 18:35:05.362 | INFO     | uvicorn.server:serve:76 - Started server process [16680]
2023-10-12 18:35:05.363 | INFO     | uvicorn.lifespan.on:startup:46 - Waiting for application startup.
2023-10-12 18:35:05.364 | INFO     | uvicorn.lifespan.on:startup:60 - Application startup complete.
2023-10-12 18:35:08.782 | INFO     | uvicorn.server:shutdown:264 - Shutting down
2023-10-12 18:35:08.891 | INFO     | uvicorn.lifespan.on:shutdown:65 - Waiting for application shutdown.
2023-10-12 18:35:08.892 | INFO     | uvicorn.lifespan.on:shutdown:76 - Application shutdown complete.
2023-10-12 18:35:08.893 | INFO     | uvicorn.server:serve:86 - Finished server process [16680]
2023-10-12 18:35:10.172 | INFO     | uvicorn.server:serve:76 - Started server process [4460]
2023-10-12 18:35:10.173 | INFO     | uvicorn.lifespan.on:startup:46 - Waiting for application startup.
2023-10-12 18:35:10.173 | INFO     | uvicorn.lifespan.on:startup:60 - Application startup complete.
2023-10-12 18:50:56.017 | INFO     | uvicorn.server:shutdown:264 - Shutting down
2023-10-12 18:50:56.127 | INFO     | uvicorn.lifespan.on:shutdown:65 - Waiting for application shutdown.
2023-10-12 18:50:56.128 | INFO     | uvicorn.lifespan.on:shutdown:76 - Application shutdown complete.
2023-10-12 18:50:56.129 | INFO     | uvicorn.server:serve:86 - Finished server process [4460]
2023-10-12 18:50:57.440 | INFO     | uvicorn.server:serve:76 - Started server process [16524]
2023-10-12 18:50:57.441 | INFO     | uvicorn.lifespan.on:startup:46 - Waiting for application startup.
2023-10-12 18:50:57.442 | INFO     | uvicorn.lifespan.on:startup:60 - Application startup complete.
2023-10-12 18:52:42.876 | INFO     | uvicorn.server:shutdown:264 - Shutting down
2023-10-12 18:52:42.985 | INFO     | uvicorn.lifespan.on:shutdown:65 - Waiting for application shutdown.
2023-10-12 18:52:42.986 | INFO     | uvicorn.lifespan.on:shutdown:76 - Application shutdown complete.
2023-10-12 18:52:42.987 | INFO     | uvicorn.server:serve:86 - Finished server process [16524]
2023-10-12 18:52:54.375 | INFO     | uvicorn.server:serve:76 - Started server process [18488]
2023-10-12 18:52:54.376 | INFO     | uvicorn.lifespan.on:startup:46 - Waiting for application startup.
2023-10-12 18:52:54.377 | INFO     | uvicorn.lifespan.on:startup:60 - Application startup complete.
2023-10-13 10:05:04.748 | INFO     | uvicorn.server:serve:76 - Started server process [10248]
2023-10-13 10:05:04.749 | INFO     | uvicorn.lifespan.on:startup:46 - Waiting for application startup.
2023-10-13 10:05:04.750 | INFO     | uvicorn.lifespan.on:startup:60 - Application startup complete.
